<?xml version="1.0" encoding="UTF-8"?>
<testng-results ignored="0" total="1" passed="1" failed="0" skipped="0">
  <reporter-output>
  </reporter-output>
  <suite started-at="2021-03-31T15:22:22 GMT-07:00" name="Default suite" finished-at="2021-03-31T15:22:25 GMT-07:00" duration-ms="3010">
    <groups>
    </groups>
    <test started-at="2021-03-31T15:22:22 GMT-07:00" name="Default test" finished-at="2021-03-31T15:22:25 GMT-07:00" duration-ms="3010">
      <class name="CocomoreAPItest.VicoMemberCV">
        <test-method signature="test_1()[pri:0, instance:CocomoreAPItest.VicoMemberCV@30b7c004]" started-at="2021-03-31T15:22:22 GMT-07:00" name="test_1" finished-at="2021-03-31T15:22:25 GMT-07:00" duration-ms="2972" status="PASS">
          <reporter-output>
          </reporter-output>
        </test-method> <!-- test_1 -->
      </class> <!-- CocomoreAPItest.VicoMemberCV -->
    </test> <!-- Default test -->
  </suite> <!-- Default suite -->
</testng-results>
